<?xml version="1.0" encoding="UTF-8"?>
<!-- Generated by org.testng.reporters.JUnitReportReporter -->
<testsuite hostname="LAPTOP-EJHAID2K" failures="0" tests="3" name="Q5.GoogleSearchTestWithAnnotations" time="37.301" errors="0" timestamp="2025-03-04T18:50:34 EST" skipped="0">
  <testcase classname="Q5.GoogleSearchTestWithAnnotations" name="faceBookPageTitleVerification" time="2.015"/>
  <system-out/>
  <testcase classname="Q5.GoogleSearchTestWithAnnotations" name="performSearchAndClick1stLink" time="34.545"/>
  <system-out/>
  <testcase classname="Q5.GoogleSearchTestWithAnnotations" name="launchGoogle" time="0.741"/>
  <system-out/>
</testsuite> <!-- Q5.GoogleSearchTestWithAnnotations -->
