<?xml version="1.0" encoding="UTF-8"?>
<!-- Generated by org.testng.reporters.JUnitReportReporter -->
<testsuite hostname="LAPTOP-EJHAID2K" failures="0" tests="5" name="FirstTestNG.TestNG_Priority_Annotations" time="0.011" errors="0" timestamp="2025-03-04T17:17:06 EST" skipped="0">
  <testcase classname="FirstTestNG.TestNG_Priority_Annotations" name="c_method" time="0.001"/>
  <system-out/>
  <testcase classname="FirstTestNG.TestNG_Priority_Annotations" name="b_method" time="0.008"/>
  <system-out/>
  <testcase classname="FirstTestNG.TestNG_Priority_Annotations" name="e_method" time="0.000"/>
  <system-out/>
  <testcase classname="FirstTestNG.TestNG_Priority_Annotations" name="a_method" time="0.001"/>
  <system-out/>
  <testcase classname="FirstTestNG.TestNG_Priority_Annotations" name="d_method" time="0.001"/>
  <system-out/>
</testsuite> <!-- FirstTestNG.TestNG_Priority_Annotations -->
