<?xml version="1.0" encoding="UTF-8"?>
<!-- Generated by org.testng.reporters.JUnitReportReporter -->
<testsuite hostname="cmp57.ee.ryerson.ca" failures="0" tests="5" name="FirstTestNGProject.TestNG_Priority_Annotations" time="0.014" errors="0" timestamp="2025-03-05T01:48:05 EST" skipped="0">
  <testcase classname="FirstTestNGProject.TestNG_Priority_Annotations" name="e_method" time="0.001"/>
  <system-out/>
  <testcase classname="FirstTestNGProject.TestNG_Priority_Annotations" name="c_method" time="0.002"/>
  <system-out/>
  <testcase classname="FirstTestNGProject.TestNG_Priority_Annotations" name="b_method" time="0.009"/>
  <system-out/>
  <testcase classname="FirstTestNGProject.TestNG_Priority_Annotations" name="d_method" time="0.001"/>
  <system-out/>
  <testcase classname="FirstTestNGProject.TestNG_Priority_Annotations" name="a_method" time="0.001"/>
  <system-out/>
</testsuite> <!-- FirstTestNGProject.TestNG_Priority_Annotations -->
