<?xml version="1.0" encoding="UTF-8"?>
<!-- Generated by org.testng.reporters.JUnitReportReporter -->
<testsuite hostname="LAPTOP-EJHAID2K" failures="0" tests="1" name="Q7.LinkedInLoginTest" time="6.985" errors="0" timestamp="2025-03-04T19:18:21 EST" skipped="0">
  <testcase classname="Q7.LinkedInLoginTest" name="testLinkedInLogin" time="6.985"/>
  <system-out/>
</testsuite> <!-- Q7.LinkedInLoginTest -->
