<?xml version="1.0" encoding="UTF-8"?>
<!-- Generated by org.testng.reporters.JUnitReportReporter -->
<testsuite hostname="LAPTOP-EJHAID2K" failures="0" tests="5" name="Q5.GoogleSearchTest" time="29.174" errors="0" timestamp="2025-03-04T18:18:57 EST" skipped="0">
  <testcase classname="Q5.GoogleSearchTest" name="openBrowser" time="0.977"/>
  <system-out/>
  <testcase classname="Q5.GoogleSearchTest" name="launchGoogle" time="0.636"/>
  <system-out/>
  <testcase classname="Q5.GoogleSearchTest" name="performSearchAndClick1stLink" time="25.402"/>
  <system-out/>
  <testcase classname="Q5.GoogleSearchTest" name="faceBookPageTitleVerification" time="2.007"/>
  <system-out/>
  <testcase classname="Q5.GoogleSearchTest" name="driverExit" time="0.152"/>
  <system-out/>
</testsuite> <!-- Q5.GoogleSearchTest -->
