<?xml version="1.0" encoding="UTF-8"?>
<!-- Generated by org.testng.reporters.JUnitReportReporter -->
<testsuite hostname="LAPTOP-EJHAID2K" failures="0" tests="3" name="Q6.ParallelSessionsTest" time="5.913" errors="0" timestamp="2025-03-04T19:00:20 EST" skipped="0">
  <testcase classname="Q6.ParallelSessionsTest" name="executSessionThree" time="2.194"/>
  <system-out/>
  <testcase classname="Q6.ParallelSessionsTest" name="executSessionOne" time="1.904"/>
  <system-out/>
  <testcase classname="Q6.ParallelSessionsTest" name="executSessionTwo" time="1.815"/>
  <system-out/>
</testsuite> <!-- Q6.ParallelSessionsTest -->
